NAME     MODE                CPU     MEM     PROVIDED   AGE
task05   InPlaceOrRecreate   1168m   250Mi   True       49m
NAME                      CPU(cores)   MEMORY(bytes)   
task05-74b7bb74bb-bn8gx   1m           41Mi            
NAME     MODE                CPU     MEM     PROVIDED   AGE
task05   InPlaceOrRecreate   1168m   250Mi   True       49m
NAME                      CPU(cores)   MEMORY(bytes)   
task05-74b7bb74bb-bn8gx   1m           41Mi            
NAME     MODE                CPU     MEM     PROVIDED   AGE
task05   InPlaceOrRecreate   1168m   250Mi   True       49m
NAME                      CPU(cores)   MEMORY(bytes)   
task05-74b7bb74bb-bn8gx   1m           41Mi            
NAME     MODE                CPU     MEM     PROVIDED   AGE
task05   InPlaceOrRecreate   1168m   250Mi   True       49m
NAME                      CPU(cores)   MEMORY(bytes)   
task05-74b7bb74bb-bn8gx   1m           41Mi            
NAME     MODE                CPU     MEM     PROVIDED   AGE
task05   InPlaceOrRecreate   1168m   250Mi   True       49m
NAME                      CPU(cores)   MEMORY(bytes)   
task05-74b7bb74bb-bn8gx   1m           41Mi            
NAME     MODE                CPU     MEM     PROVIDED   AGE
task05   InPlaceOrRecreate   1168m   250Mi   True       49m
NAME                      CPU(cores)   MEMORY(bytes)   
task05-74b7bb74bb-bn8gx   365m         39Mi            
NAME     MODE                CPU     MEM     PROVIDED   AGE
task05   InPlaceOrRecreate   1168m   250Mi   True       50m
NAME                      CPU(cores)   MEMORY(bytes)   
task05-74b7bb74bb-bn8gx   365m         39Mi            
NAME     MODE                CPU     MEM     PROVIDED   AGE
task05   InPlaceOrRecreate   1168m   250Mi   True       50m
NAME                      CPU(cores)   MEMORY(bytes)   
task05-74b7bb74bb-bn8gx   365m         39Mi            
NAME     MODE                CPU     MEM     PROVIDED   AGE
task05   InPlaceOrRecreate   1168m   250Mi   True       50m
NAME                      CPU(cores)   MEMORY(bytes)   
task05-74b7bb74bb-bn8gx   365m         39Mi            
NAME     MODE                CPU     MEM     PROVIDED   AGE
task05   InPlaceOrRecreate   1168m   250Mi   True       50m
NAME                      CPU(cores)   MEMORY(bytes)   
task05-74b7bb74bb-bn8gx   365m         39Mi            
NAME     MODE                CPU     MEM     PROVIDED   AGE
task05   InPlaceOrRecreate   1168m   250Mi   True       50m
NAME                      CPU(cores)   MEMORY(bytes)   
task05-74b7bb74bb-bn8gx   365m         39Mi            
NAME     MODE                CPU     MEM     PROVIDED   AGE
task05   InPlaceOrRecreate   1168m   250Mi   True       50m
NAME                      CPU(cores)   MEMORY(bytes)   
task05-74b7bb74bb-bn8gx   365m         39Mi            
NAME     MODE                CPU     MEM     PROVIDED   AGE
task05   InPlaceOrRecreate   1168m   250Mi   True       50m
NAME                      CPU(cores)   MEMORY(bytes)   
task05-74b7bb74bb-bn8gx   365m         39Mi            
NAME     MODE                CPU     MEM     PROVIDED   AGE
task05   InPlaceOrRecreate   1168m   250Mi   True       50m
NAME                      CPU(cores)   MEMORY(bytes)   
task05-74b7bb74bb-bn8gx   365m         39Mi            
NAME     MODE                CPU     MEM     PROVIDED   AGE
task05   InPlaceOrRecreate   1168m   250Mi   True       50m
NAME                      CPU(cores)   MEMORY(bytes)   
task05-74b7bb74bb-bn8gx   365m         39Mi            
NAME     MODE                CPU     MEM     PROVIDED   AGE
task05   InPlaceOrRecreate   1168m   250Mi   True       50m
NAME                      CPU(cores)   MEMORY(bytes)   
task05-74b7bb74bb-bn8gx   365m         39Mi            
NAME     MODE                CPU     MEM     PROVIDED   AGE
task05   InPlaceOrRecreate   1168m   250Mi   True       50m
NAME                      CPU(cores)   MEMORY(bytes)   
task05-74b7bb74bb-bn8gx   365m         39Mi            
NAME     MODE                CPU     MEM     PROVIDED   AGE
task05   InPlaceOrRecreate   1168m   250Mi   True       50m
NAME                      CPU(cores)   MEMORY(bytes)   
task05-74b7bb74bb-bn8gx   1000m        41Mi            
NAME     MODE                CPU     MEM     PROVIDED   AGE
task05   InPlaceOrRecreate   1168m   250Mi   True       51m
NAME                      CPU(cores)   MEMORY(bytes)   
task05-74b7bb74bb-bn8gx   1000m        41Mi            
NAME     MODE                CPU     MEM     PROVIDED   AGE
task05   InPlaceOrRecreate   1168m   250Mi   True       51m
NAME                      CPU(cores)   MEMORY(bytes)   
task05-74b7bb74bb-bn8gx   1000m        41Mi            
NAME     MODE                CPU     MEM     PROVIDED   AGE
task05   InPlaceOrRecreate   1168m   250Mi   True       51m
NAME                      CPU(cores)   MEMORY(bytes)   
task05-74b7bb74bb-bn8gx   1000m        41Mi            
NAME     MODE                CPU     MEM     PROVIDED   AGE
task05   InPlaceOrRecreate   1168m   250Mi   True       51m
NAME                      CPU(cores)   MEMORY(bytes)   
task05-74b7bb74bb-bn8gx   1000m        41Mi            
NAME     MODE                CPU     MEM     PROVIDED   AGE
task05   InPlaceOrRecreate   1168m   250Mi   True       51m
NAME                      CPU(cores)   MEMORY(bytes)   
task05-74b7bb74bb-bn8gx   1000m        41Mi            
NAME     MODE                CPU     MEM     PROVIDED   AGE
task05   InPlaceOrRecreate   1168m   250Mi   True       51m
NAME                      CPU(cores)   MEMORY(bytes)   
task05-74b7bb74bb-bn8gx   1000m        41Mi            
NAME     MODE                CPU     MEM     PROVIDED   AGE
task05   InPlaceOrRecreate   1168m   250Mi   True       51m
NAME                      CPU(cores)   MEMORY(bytes)   
task05-74b7bb74bb-bn8gx   1000m        41Mi            
NAME     MODE                CPU     MEM     PROVIDED   AGE
task05   InPlaceOrRecreate   1168m   250Mi   True       51m
NAME                      CPU(cores)   MEMORY(bytes)   
task05-74b7bb74bb-bn8gx   1000m        41Mi            
NAME     MODE                CPU     MEM     PROVIDED   AGE
task05   InPlaceOrRecreate   1168m   250Mi   True       51m
NAME                      CPU(cores)   MEMORY(bytes)   
task05-74b7bb74bb-bn8gx   1000m        41Mi            
NAME     MODE                CPU     MEM     PROVIDED   AGE
task05   InPlaceOrRecreate   1168m   250Mi   True       51m
NAME                      CPU(cores)   MEMORY(bytes)   
task05-74b7bb74bb-bn8gx   1000m        41Mi            
NAME     MODE                CPU     MEM     PROVIDED   AGE
task05   InPlaceOrRecreate   1168m   250Mi   True       51m
NAME                      CPU(cores)   MEMORY(bytes)   
task05-74b7bb74bb-bn8gx   1000m        41Mi            
NAME     MODE                CPU     MEM     PROVIDED   AGE
task05   InPlaceOrRecreate   1168m   250Mi   True       52m
NAME                      CPU(cores)   MEMORY(bytes)   
task05-74b7bb74bb-bn8gx   1001m        41Mi            
NAME     MODE                CPU     MEM     PROVIDED   AGE
task05   InPlaceOrRecreate   1168m   250Mi   True       52m
NAME                      CPU(cores)   MEMORY(bytes)   
task05-74b7bb74bb-bn8gx   1001m        41Mi            
NAME     MODE                CPU     MEM     PROVIDED   AGE
task05   InPlaceOrRecreate   1168m   250Mi   True       52m
NAME                      CPU(cores)   MEMORY(bytes)   
task05-74b7bb74bb-bn8gx   1001m        41Mi            
NAME     MODE                CPU     MEM     PROVIDED   AGE
task05   InPlaceOrRecreate   1168m   250Mi   True       52m
NAME                      CPU(cores)   MEMORY(bytes)   
task05-74b7bb74bb-bn8gx   1001m        41Mi            
NAME     MODE                CPU     MEM     PROVIDED   AGE
task05   InPlaceOrRecreate   1168m   250Mi   True       52m
NAME                      CPU(cores)   MEMORY(bytes)   
task05-74b7bb74bb-bn8gx   1001m        41Mi            
NAME     MODE                CPU     MEM     PROVIDED   AGE
task05   InPlaceOrRecreate   1168m   250Mi   True       52m
NAME                      CPU(cores)   MEMORY(bytes)   
task05-74b7bb74bb-bn8gx   1001m        41Mi            
NAME     MODE                CPU     MEM     PROVIDED   AGE
task05   InPlaceOrRecreate   1168m   250Mi   True       52m
NAME                      CPU(cores)   MEMORY(bytes)   
task05-74b7bb74bb-bn8gx   1001m        41Mi            
NAME     MODE                CPU     MEM     PROVIDED   AGE
task05   InPlaceOrRecreate   1168m   250Mi   True       52m
NAME                      CPU(cores)   MEMORY(bytes)   
task05-74b7bb74bb-bn8gx   1001m        41Mi            
NAME     MODE                CPU     MEM     PROVIDED   AGE
task05   InPlaceOrRecreate   1168m   250Mi   True       52m
NAME                      CPU(cores)   MEMORY(bytes)   
task05-74b7bb74bb-bn8gx   1001m        41Mi            
NAME     MODE                CPU     MEM     PROVIDED   AGE
task05   InPlaceOrRecreate   1168m   250Mi   True       52m
NAME                      CPU(cores)   MEMORY(bytes)   
task05-74b7bb74bb-bn8gx   1001m        41Mi            
NAME     MODE                CPU     MEM     PROVIDED   AGE
task05   InPlaceOrRecreate   1168m   250Mi   True       52m
NAME                      CPU(cores)   MEMORY(bytes)   
task05-74b7bb74bb-bn8gx   1001m        41Mi            
NAME     MODE                CPU     MEM     PROVIDED   AGE
task05   InPlaceOrRecreate   1168m   250Mi   True       52m
NAME                      CPU(cores)   MEMORY(bytes)   
task05-74b7bb74bb-bn8gx   1001m        41Mi            
NAME     MODE                CPU     MEM     PROVIDED   AGE
task05   InPlaceOrRecreate   1168m   250Mi   True       53m
NAME                      CPU(cores)   MEMORY(bytes)   
task05-74b7bb74bb-bn8gx   1001m        41Mi            
NAME     MODE                CPU     MEM     PROVIDED   AGE
task05   InPlaceOrRecreate   1168m   250Mi   True       53m
NAME                      CPU(cores)   MEMORY(bytes)   
task05-74b7bb74bb-bn8gx   1001m        41Mi            
NAME     MODE                CPU     MEM     PROVIDED   AGE
task05   InPlaceOrRecreate   1168m   250Mi   True       53m
NAME                      CPU(cores)   MEMORY(bytes)   
task05-74b7bb74bb-bn8gx   1001m        41Mi            
NAME     MODE                CPU     MEM     PROVIDED   AGE
task05   InPlaceOrRecreate   1168m   250Mi   True       53m
NAME                      CPU(cores)   MEMORY(bytes)   
task05-74b7bb74bb-bn8gx   1001m        41Mi            
NAME     MODE                CPU     MEM     PROVIDED   AGE
task05   InPlaceOrRecreate   1168m   250Mi   True       53m
NAME                      CPU(cores)   MEMORY(bytes)   
task05-74b7bb74bb-bn8gx   1001m        41Mi            
NAME     MODE                CPU     MEM     PROVIDED   AGE
task05   InPlaceOrRecreate   1168m   250Mi   True       53m
NAME                      CPU(cores)   MEMORY(bytes)   
task05-74b7bb74bb-bn8gx   1001m        41Mi            
NAME     MODE                CPU     MEM     PROVIDED   AGE
task05   InPlaceOrRecreate   1168m   250Mi   True       53m
NAME                      CPU(cores)   MEMORY(bytes)   
task05-74b7bb74bb-bn8gx   1001m        41Mi            
NAME     MODE                CPU     MEM     PROVIDED   AGE
task05   InPlaceOrRecreate   1168m   250Mi   True       53m
NAME                      CPU(cores)   MEMORY(bytes)   
task05-74b7bb74bb-bn8gx   1001m        41Mi            
NAME     MODE                CPU     MEM     PROVIDED   AGE
task05   InPlaceOrRecreate   1168m   250Mi   True       53m
NAME                      CPU(cores)   MEMORY(bytes)   
task05-74b7bb74bb-bn8gx   1001m        41Mi            
NAME     MODE                CPU     MEM     PROVIDED   AGE
task05   InPlaceOrRecreate   1168m   250Mi   True       53m
NAME                      CPU(cores)   MEMORY(bytes)   
task05-74b7bb74bb-bn8gx   1001m        41Mi            
NAME     MODE                CPU     MEM     PROVIDED   AGE
task05   InPlaceOrRecreate   1168m   250Mi   True       53m
NAME                      CPU(cores)   MEMORY(bytes)   
task05-74b7bb74bb-bn8gx   1001m        41Mi            
NAME     MODE                CPU     MEM     PROVIDED   AGE
task05   InPlaceOrRecreate   1168m   250Mi   True       54m
NAME                      CPU(cores)   MEMORY(bytes)   
task05-74b7bb74bb-bn8gx   1000m        41Mi            
NAME     MODE                CPU     MEM     PROVIDED   AGE
task05   InPlaceOrRecreate   1168m   250Mi   True       54m
NAME                      CPU(cores)   MEMORY(bytes)   
task05-74b7bb74bb-bn8gx   1000m        41Mi            
NAME     MODE                CPU     MEM     PROVIDED   AGE
task05   InPlaceOrRecreate   1168m   250Mi   True       54m
NAME                      CPU(cores)   MEMORY(bytes)   
task05-74b7bb74bb-bn8gx   1000m        41Mi            
NAME     MODE                CPU     MEM     PROVIDED   AGE
task05   InPlaceOrRecreate   1168m   250Mi   True       54m
NAME                      CPU(cores)   MEMORY(bytes)   
task05-74b7bb74bb-bn8gx   1000m        41Mi            
NAME     MODE                CPU     MEM     PROVIDED   AGE
task05   InPlaceOrRecreate   1168m   250Mi   True       54m
NAME                      CPU(cores)   MEMORY(bytes)   
task05-74b7bb74bb-bn8gx   1000m        41Mi            
NAME     MODE                CPU     MEM     PROVIDED   AGE
task05   InPlaceOrRecreate   1168m   250Mi   True       54m
NAME                      CPU(cores)   MEMORY(bytes)   
task05-74b7bb74bb-bn8gx   1000m        41Mi            
NAME     MODE                CPU     MEM     PROVIDED   AGE
task05   InPlaceOrRecreate   1168m   250Mi   True       54m
NAME                      CPU(cores)   MEMORY(bytes)   
task05-74b7bb74bb-bn8gx   1000m        41Mi            
NAME     MODE                CPU     MEM     PROVIDED   AGE
task05   InPlaceOrRecreate   1168m   250Mi   True       54m
NAME                      CPU(cores)   MEMORY(bytes)   
task05-74b7bb74bb-bn8gx   1000m        41Mi            
NAME     MODE                CPU     MEM     PROVIDED   AGE
task05   InPlaceOrRecreate   1168m   250Mi   True       54m
NAME                      CPU(cores)   MEMORY(bytes)   
task05-74b7bb74bb-bn8gx   1000m        41Mi            
NAME     MODE                CPU     MEM     PROVIDED   AGE
task05   InPlaceOrRecreate   1168m   250Mi   True       54m
NAME                      CPU(cores)   MEMORY(bytes)   
task05-74b7bb74bb-bn8gx   1000m        41Mi            
NAME     MODE                CPU     MEM     PROVIDED   AGE
task05   InPlaceOrRecreate   1168m   250Mi   True       54m
NAME                      CPU(cores)   MEMORY(bytes)   
task05-74b7bb74bb-bn8gx   1000m        41Mi            
NAME     MODE                CPU     MEM     PROVIDED   AGE
task05   InPlaceOrRecreate   1168m   250Mi   True       54m
NAME                      CPU(cores)   MEMORY(bytes)   
task05-74b7bb74bb-bn8gx   1000m        41Mi            
